<?xml version="1.0" encoding="UTF-8"?>
<!-- Generated by org.testng.reporters.JUnitReportReporter -->
<testsuite hostname="TP6VDIW7DEV058" name="RestAssuredDemo.TestRequests" tests="2" failures="0" timestamp="4 Apr 2019 04:10:52 GMT" time="4.109" errors="0">
  <testcase name="roundTest" time="3.226" classname="RestAssuredDemo.TestRequests"/>
  <testcase name="seriesTest" time="0.883" classname="RestAssuredDemo.TestRequests"/>
</testsuite> <!-- RestAssuredDemo.TestRequests -->
